-------------------------------------------------------------------------------
Test set: com.dobidemo.tests.TS02_TC04_ModifySupplierProfile
-------------------------------------------------------------------------------
Tests run: 1, Failures: 1, Errors: 0, Skipped: 0, Time elapsed: 9.750 s <<< FAILURE! -- in com.dobidemo.tests.TS02_TC04_ModifySupplierProfile
com.dobidemo.tests.TS02_TC04_ModifySupplierProfile.testModifySupplierProfileDetails -- Time elapsed: 9.706 s <<< FAILURE!
org.opentest4j.AssertionFailedError: FAIL: The updated phone number string value '0127778899' was not successfully verified inside the data row layout. Found instead: CleanPro Sdn. Bhd. 0123456789 ==> expected: <true> but was: <false>
	at org.junit.jupiter.api.AssertionFailureBuilder.build(AssertionFailureBuilder.java:151)
	at org.junit.jupiter.api.AssertionFailureBuilder.buildAndThrow(AssertionFailureBuilder.java:132)
	at org.junit.jupiter.api.AssertTrue.failNotTrue(AssertTrue.java:63)
	at org.junit.jupiter.api.AssertTrue.assertTrue(AssertTrue.java:36)
	at org.junit.jupiter.api.Assertions.assertTrue(Assertions.java:214)
	at com.dobidemo.tests.TS02_TC04_ModifySupplierProfile.testModifySupplierProfileDetails(TS02_TC04_ModifySupplierProfile.java:90)
	at java.base/java.lang.reflect.Method.invoke(Method.java:580)
	at java.base/java.util.ArrayList.forEach(ArrayList.java:1596)
	at java.base/java.util.ArrayList.forEach(ArrayList.java:1596)

