-------------------------------------------------------------------------------
Test set: com.dobidemo.tests.TS02_TC04_BlankMandatoryFieldUpdate
-------------------------------------------------------------------------------
Tests run: 1, Failures: 1, Errors: 0, Skipped: 0, Time elapsed: 9.406 s <<< FAILURE! -- in com.dobidemo.tests.TS02_TC04_BlankMandatoryFieldUpdate
com.dobidemo.tests.TS02_TC04_BlankMandatoryFieldUpdate.testBlankMandatoryFieldRejected -- Time elapsed: 9.356 s <<< FAILURE!
org.opentest4j.AssertionFailedError: FAIL: Security validation bug detected! The web application successfully processed the modification request and saved the record even though the mandatory Phone input field was left blank.
	at org.junit.jupiter.api.AssertionUtils.fail(AssertionUtils.java:38)
	at org.junit.jupiter.api.Assertions.fail(Assertions.java:138)
	at com.dobidemo.tests.TS02_TC04_BlankMandatoryFieldUpdate.testBlankMandatoryFieldRejected(TS02_TC04_BlankMandatoryFieldUpdate.java:81)
	at java.base/java.lang.reflect.Method.invoke(Method.java:580)
	at java.base/java.util.ArrayList.forEach(ArrayList.java:1596)
	at java.base/java.util.ArrayList.forEach(ArrayList.java:1596)

