-------------------------------------------------------------------------------
Test set: com.dobidemo.tests.TS02_TC04_UpdateNegativeBalanceBoundary
-------------------------------------------------------------------------------
Tests run: 1, Failures: 1, Errors: 0, Skipped: 0, Time elapsed: 10.44 s <<< FAILURE! -- in com.dobidemo.tests.TS02_TC04_UpdateNegativeBalanceBoundary
com.dobidemo.tests.TS02_TC04_UpdateNegativeBalanceBoundary.testUpdateNegativeBalanceBoundaryRejected -- Time elapsed: 10.39 s <<< FAILURE!
org.opentest4j.AssertionFailedError: FAIL: Security validation bug! The web application successfully updated the record even though the Balance input field was changed to an illegal negative boundary value (-0.01).
	at org.junit.jupiter.api.AssertionUtils.fail(AssertionUtils.java:38)
	at org.junit.jupiter.api.Assertions.fail(Assertions.java:138)
	at com.dobidemo.tests.TS02_TC04_UpdateNegativeBalanceBoundary.testUpdateNegativeBalanceBoundaryRejected(TS02_TC04_UpdateNegativeBalanceBoundary.java:77)
	at java.base/java.lang.reflect.Method.invoke(Method.java:580)
	at java.base/java.util.ArrayList.forEach(ArrayList.java:1596)
	at java.base/java.util.ArrayList.forEach(ArrayList.java:1596)

